<?xml version="1.0" encoding="UTF-8"?>
<!-- Generated by org.testng.reporters.JUnitXMLReporter -->
<testsuite hostname="RAGHAVENDRA" ignored="0" name="DemoListenTest" tests="3" failures="1" timestamp="19 Dec 2019 13:24:56 GMT" time="0.057" errors="0">
  <testcase name="TestA" time="0.007" classname="listen.DemoA"/>
  <testcase name="TestB" time="0.002" classname="listen.DemoA">
    <failure type="java.lang.AssertionError" message="null">
      <![CDATA[java.lang.AssertionError: null
at listen.DemoA.TestB(DemoA.java:21)
... Removed 27 stack frames]]>
    </failure>
  </testcase> <!-- TestB -->
  <testcase name="testC" time="0.0" classname="listen.DemoC"/>
</testsuite> <!-- DemoListenTest -->
