<?xml version="1.0" encoding="UTF-8"?>
<testng-results skipped="0" failed="1" ignored="0" total="3" passed="2">
  <reporter-output>
    <line>
      <![CDATA[Suite is started :DemoListenSuite]]>
    </line>
    <line>
      <![CDATA[TestBlock is started :DemoListenTest]]>
    </line>
    <line>
      <![CDATA[Test is started :TestA]]>
    </line>
    <line>
      <![CDATA[TestA.... ]]>
    </line>
    <line>
      <![CDATA[Test is Passed :TestA]]>
    </line>
    <line>
      <![CDATA[Test is started :TestB]]>
    </line>
    <line>
      <![CDATA[TestB.... ]]>
    </line>
    <line>
      <![CDATA[Test is Failed :TestB null]]>
    </line>
    <line>
      <![CDATA[Test is started :testC]]>
    </line>
    <line>
      <![CDATA[TestC.....]]>
    </line>
    <line>
      <![CDATA[Test is Passed :testC]]>
    </line>
  </reporter-output>
  <suite name="DemoListenSuite" duration-ms="57" started-at="2019-12-19T13:24:56Z" finished-at="2019-12-19T13:24:56Z">
    <groups>
    </groups>
    <test name="DemoListenTest" duration-ms="57" started-at="2019-12-19T13:24:56Z" finished-at="2019-12-19T13:24:56Z">
      <class name="listen.DemoA">
        <test-method status="PASS" signature="TestA()[pri:0, instance:listen.DemoA@63440df3]" name="TestA" duration-ms="7" started-at="2019-12-19T13:24:56Z" finished-at="2019-12-19T13:24:56Z">
          <reporter-output>
            <line>
              <![CDATA[Test is started :TestA]]>
            </line>
            <line>
              <![CDATA[TestA.... ]]>
            </line>
            <line>
              <![CDATA[Test is Passed :TestA]]>
            </line>
          </reporter-output>
        </test-method> <!-- TestA -->
        <test-method status="FAIL" signature="TestB()[pri:0, instance:listen.DemoA@63440df3]" name="TestB" duration-ms="2" started-at="2019-12-19T13:24:56Z" finished-at="2019-12-19T13:24:56Z">
          <exception class="java.lang.AssertionError">
            <message>
              <![CDATA[null]]>
            </message>
            <full-stacktrace>
              <![CDATA[java.lang.AssertionError: null
at org.testng.Assert.fail(Assert.java:96)
at org.testng.Assert.fail(Assert.java:103)
at listen.DemoA.TestB(DemoA.java:21)
at sun.reflect.NativeMethodAccessorImpl.invoke0(Native Method)
at sun.reflect.NativeMethodAccessorImpl.invoke(Unknown Source)
at sun.reflect.DelegatingMethodAccessorImpl.invoke(Unknown Source)
at java.lang.reflect.Method.invoke(Unknown Source)
at org.testng.internal.MethodInvocationHelper.invokeMethod(MethodInvocationHelper.java:124)
at org.testng.internal.Invoker.invokeMethod(Invoker.java:583)
at org.testng.internal.Invoker.invokeTestMethod(Invoker.java:719)
at org.testng.internal.Invoker.invokeTestMethods(Invoker.java:989)
at org.testng.internal.TestMethodWorker.invokeTestMethods(TestMethodWorker.java:125)
at org.testng.internal.TestMethodWorker.run(TestMethodWorker.java:109)
at org.testng.TestRunner.privateRun(TestRunner.java:648)
at org.testng.TestRunner.run(TestRunner.java:505)
at org.testng.SuiteRunner.runTest(SuiteRunner.java:455)
at org.testng.SuiteRunner.runSequentially(SuiteRunner.java:450)
at org.testng.SuiteRunner.privateRun(SuiteRunner.java:415)
at org.testng.SuiteRunner.run(SuiteRunner.java:364)
at org.testng.SuiteRunnerWorker.runSuite(SuiteRunnerWorker.java:52)
at org.testng.SuiteRunnerWorker.run(SuiteRunnerWorker.java:84)
at org.testng.TestNG.runSuitesSequentially(TestNG.java:1208)
at org.testng.TestNG.runSuitesLocally(TestNG.java:1137)
at org.testng.TestNG.runSuites(TestNG.java:1049)
at org.testng.TestNG.run(TestNG.java:1017)
at org.testng.remote.AbstractRemoteTestNG.run(AbstractRemoteTestNG.java:114)
at org.testng.remote.RemoteTestNG.initAndRun(RemoteTestNG.java:251)
at org.testng.remote.RemoteTestNG.main(RemoteTestNG.java:77)
]]>
            </full-stacktrace>
          </exception> <!-- java.lang.AssertionError -->
          <reporter-output>
            <line>
              <![CDATA[Test is started :TestB]]>
            </line>
            <line>
              <![CDATA[TestB.... ]]>
            </line>
            <line>
              <![CDATA[Test is Failed :TestB null]]>
            </line>
          </reporter-output>
        </test-method> <!-- TestB -->
      </class> <!-- listen.DemoA -->
      <class name="listen.DemoC">
        <test-method status="PASS" signature="testC()[pri:0, instance:listen.DemoC@3aeaafa6]" name="testC" duration-ms="0" started-at="2019-12-19T13:24:56Z" finished-at="2019-12-19T13:24:56Z">
          <reporter-output>
            <line>
              <![CDATA[Test is started :testC]]>
            </line>
            <line>
              <![CDATA[TestC.....]]>
            </line>
            <line>
              <![CDATA[Test is Passed :testC]]>
            </line>
          </reporter-output>
        </test-method> <!-- testC -->
      </class> <!-- listen.DemoC -->
    </test> <!-- DemoListenTest -->
  </suite> <!-- DemoListenSuite -->
</testng-results>
