<?xml version="1.0" encoding="UTF-8"?>
<testng-results skipped="0" failed="0" ignored="0" total="1" passed="1">
  <reporter-output>
  </reporter-output>
  <suite name="Default suite" duration-ms="14749" started-at="2019-12-06T09:13:49Z" finished-at="2019-12-06T09:14:03Z">
    <groups>
    </groups>
    <test name="Default test" duration-ms="14749" started-at="2019-12-06T09:13:49Z" finished-at="2019-12-06T09:14:03Z">
      <class name="basic.Flwait">
        <test-method status="PASS" signature="testA()[pri:0, instance:basic.Flwait@23f5b5dc]" name="testA" duration-ms="14733" started-at="2019-12-06T09:13:49Z" finished-at="2019-12-06T09:14:03Z">
          <reporter-output>
          </reporter-output>
        </test-method> <!-- testA -->
      </class> <!-- basic.Flwait -->
    </test> <!-- Default test -->
  </suite> <!-- Default suite -->
</testng-results>
